[2025-06-01T17:14:25Z] INFO: Updated Analyst heartbeat successfully
[2025-06-01T17:14:25Z] INFO: Updated Analyst health metrics
[2025-06-01T17:14:25Z] INFO: Updated Documenter heartbeat successfully
[2025-06-01T17:14:25Z] INFO: Updated Documenter health metrics
[2025-06-01T17:14:25Z] INFO: Updated Janitor heartbeat successfully
[2025-06-01T17:14:25Z] INFO: Updated Janitor health metrics
[2025-06-01T17:15:01Z] INFO: Updated Analyst heartbeat successfully
[2025-06-01T17:15:01Z] INFO: Updated Analyst health metrics
[2025-06-01T17:15:01Z] INFO: Updated Documenter heartbeat successfully
[2025-06-01T17:15:01Z] INFO: Updated Documenter health metrics
[2025-06-01T17:15:01Z] INFO: Updated Janitor heartbeat successfully
[2025-06-01T17:15:01Z] INFO: Updated Janitor health metrics
[2025-06-01T17:16:01Z] INFO: Updated Analyst heartbeat successfully
[2025-06-01T17:16:01Z] INFO: Updated Analyst health metrics
[2025-06-01T17:16:01Z] INFO: Updated Documenter heartbeat successfully
[2025-06-01T17:16:01Z] INFO: Updated Documenter health metrics
[2025-06-01T17:16:01Z] INFO: Updated Janitor heartbeat successfully
[2025-06-01T17:16:01Z] INFO: Updated Janitor health metrics
[2025-06-01T17:17:01Z] INFO: Updated Analyst heartbeat successfully
[2025-06-01T17:17:01Z] INFO: Updated Analyst health metrics
[2025-06-01T17:17:01Z] INFO: Updated Documenter heartbeat successfully
[2025-06-01T17:17:01Z] INFO: Updated Documenter health metrics
[2025-06-01T17:17:01Z] INFO: Updated Janitor heartbeat successfully
[2025-06-01T17:17:01Z] INFO: Updated Janitor health metrics
[2025-06-01T17:18:01Z] INFO: Updated Analyst heartbeat successfully
[2025-06-01T17:18:01Z] INFO: Updated Analyst health metrics
[2025-06-01T17:18:01Z] INFO: Updated Documenter heartbeat successfully
[2025-06-01T17:18:01Z] INFO: Updated Documenter health metrics
[2025-06-01T17:18:01Z] INFO: Updated Janitor heartbeat successfully
[2025-06-01T17:18:01Z] INFO: Updated Janitor health metrics
[2025-06-01T17:19:01Z] INFO: Updated Analyst heartbeat successfully
[2025-06-01T17:19:01Z] INFO: Updated Analyst health metrics
[2025-06-01T17:19:01Z] INFO: Updated Documenter heartbeat successfully
[2025-06-01T17:19:01Z] INFO: Updated Documenter health metrics
[2025-06-01T17:19:01Z] INFO: Updated Janitor heartbeat successfully
[2025-06-01T17:19:01Z] INFO: Updated Janitor health metrics
[2025-06-01T17:20:01Z] INFO: Updated Analyst heartbeat successfully
[2025-06-01T17:20:01Z] INFO: Updated Analyst health metrics
[2025-06-01T17:20:01Z] INFO: Updated Documenter heartbeat successfully
[2025-06-01T17:20:01Z] INFO: Updated Documenter health metrics
[2025-06-01T17:20:01Z] INFO: Updated Janitor heartbeat successfully
[2025-06-01T17:20:01Z] INFO: Updated Janitor health metrics
[2025-06-01T17:21:01Z] INFO: Updated Analyst heartbeat successfully
[2025-06-01T17:21:01Z] INFO: Updated Analyst health metrics
[2025-06-01T17:21:01Z] INFO: Updated Documenter heartbeat successfully
[2025-06-01T17:21:01Z] INFO: Updated Documenter health metrics
[2025-06-01T17:21:01Z] INFO: Updated Janitor heartbeat successfully
[2025-06-01T17:21:01Z] INFO: Updated Janitor health metrics
[2025-06-01T17:22:01Z] INFO: Updated Analyst heartbeat successfully
[2025-06-01T17:22:01Z] INFO: Updated Analyst health metrics
[2025-06-01T17:22:01Z] INFO: Updated Documenter heartbeat successfully
[2025-06-01T17:22:01Z] INFO: Updated Documenter health metrics
[2025-06-01T17:22:01Z] INFO: Updated Janitor heartbeat successfully
[2025-06-01T17:22:01Z] INFO: Updated Janitor health metrics
[2025-06-01T17:23:01Z] INFO: Updated Analyst heartbeat successfully
[2025-06-01T17:23:01Z] INFO: Updated Analyst health metrics
[2025-06-01T17:23:01Z] INFO: Updated Documenter heartbeat successfully
[2025-06-01T17:23:01Z] INFO: Updated Documenter health metrics
[2025-06-01T17:23:01Z] INFO: Updated Janitor heartbeat successfully
[2025-06-01T17:23:01Z] INFO: Updated Janitor health metrics
[2025-06-01T17:24:01Z] INFO: Updated Analyst heartbeat successfully
[2025-06-01T17:24:01Z] INFO: Updated Analyst health metrics
[2025-06-01T17:24:01Z] INFO: Updated Documenter heartbeat successfully
[2025-06-01T17:24:01Z] INFO: Updated Documenter health metrics
[2025-06-01T17:24:01Z] INFO: Updated Janitor heartbeat successfully
[2025-06-01T17:24:01Z] INFO: Updated Janitor health metrics
[2025-06-01T17:25:01Z] INFO: Updated Analyst heartbeat successfully
[2025-06-01T17:25:01Z] INFO: Updated Analyst health metrics
[2025-06-01T17:25:01Z] INFO: Updated Documenter heartbeat successfully
[2025-06-01T17:25:01Z] INFO: Updated Documenter health metrics
[2025-06-01T17:25:01Z] INFO: Updated Janitor heartbeat successfully
[2025-06-01T17:25:01Z] INFO: Updated Janitor health metrics
[2025-06-01T17:26:01Z] INFO: Updated Analyst heartbeat successfully
[2025-06-01T17:26:01Z] INFO: Updated Analyst health metrics
[2025-06-01T17:26:01Z] INFO: Updated Documenter heartbeat successfully
[2025-06-01T17:26:01Z] INFO: Updated Documenter health metrics
[2025-06-01T17:26:01Z] INFO: Updated Janitor heartbeat successfully
[2025-06-01T17:26:01Z] INFO: Updated Janitor health metrics
[2025-06-01T17:27:01Z] INFO: Updated Analyst heartbeat successfully
[2025-06-01T17:27:01Z] INFO: Updated Analyst health metrics
[2025-06-01T17:27:01Z] INFO: Updated Documenter heartbeat successfully
[2025-06-01T17:27:01Z] INFO: Updated Documenter health metrics
[2025-06-01T17:27:01Z] INFO: Updated Janitor heartbeat successfully
[2025-06-01T17:27:01Z] INFO: Updated Janitor health metrics
[2025-06-01T17:28:01Z] INFO: Updated Analyst heartbeat successfully
[2025-06-01T17:28:01Z] INFO: Updated Analyst health metrics
[2025-06-01T17:28:01Z] INFO: Updated Documenter heartbeat successfully
[2025-06-01T17:28:01Z] INFO: Updated Documenter health metrics
[2025-06-01T17:28:01Z] INFO: Updated Janitor heartbeat successfully
[2025-06-01T17:28:01Z] INFO: Updated Janitor health metrics
[2025-06-01T17:29:01Z] INFO: Updated Analyst heartbeat successfully
[2025-06-01T17:29:01Z] INFO: Updated Analyst health metrics
[2025-06-01T17:29:01Z] INFO: Updated Documenter heartbeat successfully
[2025-06-01T17:29:01Z] INFO: Updated Documenter health metrics
[2025-06-01T17:29:01Z] INFO: Updated Janitor heartbeat successfully
[2025-06-01T17:29:01Z] INFO: Updated Janitor health metrics
[2025-06-01T17:30:01Z] INFO: Updated Analyst heartbeat successfully
[2025-06-01T17:30:01Z] INFO: Updated Analyst health metrics
[2025-06-01T17:30:01Z] INFO: Updated Documenter heartbeat successfully
[2025-06-01T17:30:01Z] INFO: Updated Documenter health metrics
[2025-06-01T17:30:01Z] INFO: Updated Janitor heartbeat successfully
[2025-06-01T17:30:01Z] INFO: Updated Janitor health metrics
[2025-06-01T17:31:01Z] INFO: Updated Analyst heartbeat successfully
[2025-06-01T17:31:01Z] INFO: Updated Analyst health metrics
[2025-06-01T17:31:01Z] INFO: Updated Documenter heartbeat successfully
[2025-06-01T17:31:01Z] INFO: Updated Documenter health metrics
[2025-06-01T17:31:01Z] INFO: Updated Janitor heartbeat successfully
[2025-06-01T17:31:01Z] INFO: Updated Janitor health metrics
[2025-06-01T17:32:01Z] INFO: Updated Analyst heartbeat successfully
[2025-06-01T17:32:01Z] INFO: Updated Analyst health metrics
[2025-06-01T17:32:01Z] INFO: Updated Documenter heartbeat successfully
[2025-06-01T17:32:01Z] INFO: Updated Documenter health metrics
[2025-06-01T17:32:01Z] INFO: Updated Janitor heartbeat successfully
[2025-06-01T17:32:01Z] INFO: Updated Janitor health metrics
[2025-06-01T17:33:01Z] INFO: Updated Analyst heartbeat successfully
[2025-06-01T17:33:01Z] INFO: Updated Analyst health metrics
[2025-06-01T17:33:01Z] INFO: Updated Documenter heartbeat successfully
[2025-06-01T17:33:01Z] INFO: Updated Documenter health metrics
[2025-06-01T17:33:01Z] INFO: Updated Janitor heartbeat successfully
[2025-06-01T17:33:01Z] INFO: Updated Janitor health metrics
[2025-06-01T17:34:01Z] INFO: Updated Analyst heartbeat successfully
[2025-06-01T17:34:01Z] INFO: Updated Analyst health metrics
[2025-06-01T17:34:01Z] INFO: Updated Documenter heartbeat successfully
[2025-06-01T17:34:01Z] INFO: Updated Documenter health metrics
[2025-06-01T17:34:01Z] INFO: Updated Janitor heartbeat successfully
[2025-06-01T17:34:01Z] INFO: Updated Janitor health metrics
[2025-06-01T17:35:01Z] INFO: Updated Analyst heartbeat successfully
[2025-06-01T17:35:01Z] INFO: Updated Analyst health metrics
[2025-06-01T17:35:01Z] INFO: Updated Documenter heartbeat successfully
[2025-06-01T17:35:01Z] INFO: Updated Documenter health metrics
[2025-06-01T17:35:01Z] INFO: Updated Janitor heartbeat successfully
[2025-06-01T17:35:01Z] INFO: Updated Janitor health metrics
[2025-06-01T17:36:01Z] INFO: Updated Analyst heartbeat successfully
[2025-06-01T17:36:01Z] INFO: Updated Analyst health metrics
[2025-06-01T17:36:01Z] INFO: Updated Documenter heartbeat successfully
[2025-06-01T17:36:01Z] INFO: Updated Documenter health metrics
[2025-06-01T17:36:01Z] INFO: Updated Janitor heartbeat successfully
[2025-06-01T17:36:01Z] INFO: Updated Janitor health metrics
[2025-06-01T17:37:01Z] INFO: Updated Analyst heartbeat successfully
[2025-06-01T17:37:01Z] INFO: Updated Analyst health metrics
[2025-06-01T17:37:01Z] INFO: Updated Documenter heartbeat successfully
[2025-06-01T17:37:01Z] INFO: Updated Documenter health metrics
[2025-06-01T17:37:01Z] INFO: Updated Janitor heartbeat successfully
[2025-06-01T17:37:01Z] INFO: Updated Janitor health metrics
[2025-06-01T17:38:01Z] INFO: Updated Analyst heartbeat successfully
[2025-06-01T17:38:01Z] INFO: Updated Analyst health metrics
[2025-06-01T17:38:01Z] INFO: Updated Documenter heartbeat successfully
[2025-06-01T17:38:01Z] INFO: Updated Documenter health metrics
[2025-06-01T17:38:01Z] INFO: Updated Janitor heartbeat successfully
[2025-06-01T17:38:01Z] INFO: Updated Janitor health metrics
[2025-06-01T17:39:01Z] INFO: Updated Analyst heartbeat successfully
[2025-06-01T17:39:01Z] INFO: Updated Analyst health metrics
[2025-06-01T17:39:01Z] INFO: Updated Documenter heartbeat successfully
[2025-06-01T17:39:01Z] INFO: Updated Documenter health metrics
[2025-06-01T17:39:01Z] INFO: Updated Janitor heartbeat successfully
[2025-06-01T17:39:01Z] INFO: Updated Janitor health metrics
[2025-06-01T17:40:01Z] INFO: Updated Analyst heartbeat successfully
[2025-06-01T17:40:01Z] INFO: Updated Analyst health metrics
[2025-06-01T17:40:01Z] INFO: Updated Documenter heartbeat successfully
[2025-06-01T17:40:01Z] INFO: Updated Documenter health metrics
[2025-06-01T17:40:01Z] INFO: Updated Janitor heartbeat successfully
[2025-06-01T17:40:01Z] INFO: Updated Janitor health metrics
[2025-06-01T17:41:01Z] INFO: Updated Analyst heartbeat successfully
[2025-06-01T17:41:01Z] INFO: Updated Analyst health metrics
[2025-06-01T17:41:01Z] INFO: Updated Documenter heartbeat successfully
[2025-06-01T17:41:01Z] INFO: Updated Documenter health metrics
[2025-06-01T17:41:01Z] INFO: Updated Janitor heartbeat successfully
[2025-06-01T17:41:01Z] INFO: Updated Janitor health metrics
[2025-06-01T17:42:01Z] INFO: Updated Analyst heartbeat successfully
[2025-06-01T17:42:01Z] INFO: Updated Analyst health metrics
[2025-06-01T17:42:01Z] INFO: Updated Documenter heartbeat successfully
[2025-06-01T17:42:01Z] INFO: Updated Documenter health metrics
[2025-06-01T17:42:01Z] INFO: Updated Janitor heartbeat successfully
[2025-06-01T17:42:01Z] INFO: Updated Janitor health metrics
[2025-06-01T17:43:01Z] INFO: Updated Analyst heartbeat successfully
[2025-06-01T17:43:01Z] INFO: Updated Analyst health metrics
[2025-06-01T17:43:01Z] INFO: Updated Documenter heartbeat successfully
[2025-06-01T17:43:01Z] INFO: Updated Documenter health metrics
[2025-06-01T17:43:01Z] INFO: Updated Janitor heartbeat successfully
[2025-06-01T17:43:01Z] INFO: Updated Janitor health metrics
[2025-06-01T17:44:01Z] INFO: Updated Analyst heartbeat successfully
[2025-06-01T17:44:01Z] INFO: Updated Analyst health metrics
[2025-06-01T17:44:01Z] INFO: Updated Documenter heartbeat successfully
[2025-06-01T17:44:01Z] INFO: Updated Documenter health metrics
[2025-06-01T17:44:01Z] INFO: Updated Janitor heartbeat successfully
[2025-06-01T17:44:01Z] INFO: Updated Janitor health metrics
[2025-06-01T17:45:01Z] INFO: Updated Analyst heartbeat successfully
[2025-06-01T17:45:01Z] INFO: Updated Analyst health metrics
[2025-06-01T17:45:01Z] INFO: Updated Documenter heartbeat successfully
[2025-06-01T17:45:01Z] INFO: Updated Documenter health metrics
[2025-06-01T17:45:01Z] INFO: Updated Janitor heartbeat successfully
[2025-06-01T17:45:01Z] INFO: Updated Janitor health metrics
[2025-06-01T17:46:01Z] INFO: Updated Analyst heartbeat successfully
[2025-06-01T17:46:01Z] INFO: Updated Analyst health metrics
[2025-06-01T17:46:01Z] INFO: Updated Documenter heartbeat successfully
[2025-06-01T17:46:01Z] INFO: Updated Documenter health metrics
[2025-06-01T17:46:01Z] INFO: Updated Janitor heartbeat successfully
[2025-06-01T17:46:01Z] INFO: Updated Janitor health metrics
[2025-06-01T17:47:01Z] INFO: Updated Analyst heartbeat successfully
[2025-06-01T17:47:01Z] INFO: Updated Analyst health metrics
[2025-06-01T17:47:01Z] INFO: Updated Documenter heartbeat successfully
[2025-06-01T17:47:01Z] INFO: Updated Documenter health metrics
[2025-06-01T17:47:01Z] INFO: Updated Janitor heartbeat successfully
[2025-06-01T17:47:01Z] INFO: Updated Janitor health metrics
[2025-06-01T17:48:01Z] INFO: Updated Analyst heartbeat successfully
[2025-06-01T17:48:01Z] INFO: Updated Analyst health metrics
[2025-06-01T17:48:01Z] INFO: Updated Documenter heartbeat successfully
[2025-06-01T17:48:01Z] INFO: Updated Documenter health metrics
[2025-06-01T17:48:01Z] INFO: Updated Janitor heartbeat successfully
[2025-06-01T17:48:01Z] INFO: Updated Janitor health metrics
[2025-06-01T17:49:01Z] INFO: Updated Analyst heartbeat successfully
[2025-06-01T17:49:01Z] INFO: Updated Analyst health metrics
[2025-06-01T17:49:01Z] INFO: Updated Documenter heartbeat successfully
[2025-06-01T17:49:01Z] INFO: Updated Documenter health metrics
[2025-06-01T17:49:01Z] INFO: Updated Janitor heartbeat successfully
[2025-06-01T17:49:01Z] INFO: Updated Janitor health metrics
[2025-06-01T17:50:01Z] INFO: Updated Analyst heartbeat successfully
[2025-06-01T17:50:01Z] INFO: Updated Analyst health metrics
[2025-06-01T17:50:01Z] INFO: Updated Documenter heartbeat successfully
[2025-06-01T17:50:01Z] INFO: Updated Documenter health metrics
[2025-06-01T17:50:01Z] INFO: Updated Janitor heartbeat successfully
[2025-06-01T17:50:01Z] INFO: Updated Janitor health metrics
[2025-06-01T17:51:01Z] INFO: Updated Analyst heartbeat successfully
[2025-06-01T17:51:01Z] INFO: Updated Analyst health metrics
[2025-06-01T17:51:01Z] INFO: Updated Documenter heartbeat successfully
[2025-06-01T17:51:01Z] INFO: Updated Documenter health metrics
[2025-06-01T17:51:01Z] INFO: Updated Janitor heartbeat successfully
[2025-06-01T17:51:01Z] INFO: Updated Janitor health metrics
[2025-06-01T17:52:01Z] INFO: Updated Analyst heartbeat successfully
[2025-06-01T17:52:01Z] INFO: Updated Analyst health metrics
[2025-06-01T17:52:01Z] INFO: Updated Documenter heartbeat successfully
[2025-06-01T17:52:01Z] INFO: Updated Documenter health metrics
[2025-06-01T17:52:01Z] INFO: Updated Janitor heartbeat successfully
[2025-06-01T17:52:01Z] INFO: Updated Janitor health metrics
[2025-06-01T17:53:01Z] INFO: Updated Analyst heartbeat successfully
[2025-06-01T17:53:01Z] INFO: Updated Analyst health metrics
[2025-06-01T17:53:01Z] INFO: Updated Documenter heartbeat successfully
[2025-06-01T17:53:01Z] INFO: Updated Documenter health metrics
[2025-06-01T17:53:01Z] INFO: Updated Janitor heartbeat successfully
[2025-06-01T17:53:01Z] INFO: Updated Janitor health metrics
[2025-06-01T17:54:01Z] INFO: Updated Analyst heartbeat successfully
[2025-06-01T17:54:01Z] INFO: Updated Analyst health metrics
[2025-06-01T17:54:01Z] INFO: Updated Documenter heartbeat successfully
[2025-06-01T17:54:01Z] INFO: Updated Documenter health metrics
[2025-06-01T17:54:01Z] INFO: Updated Janitor heartbeat successfully
[2025-06-01T17:54:01Z] INFO: Updated Janitor health metrics
[2025-06-01T17:55:01Z] INFO: Updated Analyst heartbeat successfully
[2025-06-01T17:55:01Z] INFO: Updated Analyst health metrics
[2025-06-01T17:55:01Z] INFO: Updated Documenter heartbeat successfully
[2025-06-01T17:55:01Z] INFO: Updated Documenter health metrics
[2025-06-01T17:55:01Z] INFO: Updated Janitor heartbeat successfully
[2025-06-01T17:55:01Z] INFO: Updated Janitor health metrics
[2025-06-01T17:56:01Z] INFO: Updated Analyst heartbeat successfully
[2025-06-01T17:56:01Z] INFO: Updated Analyst health metrics
[2025-06-01T17:56:01Z] INFO: Updated Documenter heartbeat successfully
[2025-06-01T17:56:01Z] INFO: Updated Documenter health metrics
[2025-06-01T17:56:01Z] INFO: Updated Janitor heartbeat successfully
[2025-06-01T17:56:01Z] INFO: Updated Janitor health metrics
[2025-06-01T17:57:02Z] INFO: Updated Analyst heartbeat successfully
[2025-06-01T17:57:02Z] INFO: Updated Analyst health metrics
[2025-06-01T17:57:02Z] INFO: Updated Documenter heartbeat successfully
[2025-06-01T17:57:02Z] INFO: Updated Documenter health metrics
[2025-06-01T17:57:02Z] INFO: Updated Janitor heartbeat successfully
[2025-06-01T17:57:02Z] INFO: Updated Janitor health metrics
[2025-06-01T17:58:01Z] INFO: Updated Analyst heartbeat successfully
[2025-06-01T17:58:01Z] INFO: Updated Analyst health metrics
[2025-06-01T17:58:01Z] INFO: Updated Documenter heartbeat successfully
[2025-06-01T17:58:01Z] INFO: Updated Documenter health metrics
[2025-06-01T17:58:01Z] INFO: Updated Janitor heartbeat successfully
[2025-06-01T17:58:01Z] INFO: Updated Janitor health metrics
[2025-06-01T17:59:01Z] INFO: Updated Analyst heartbeat successfully
[2025-06-01T17:59:01Z] INFO: Updated Analyst health metrics
[2025-06-01T17:59:01Z] INFO: Updated Documenter heartbeat successfully
[2025-06-01T17:59:01Z] INFO: Updated Documenter health metrics
[2025-06-01T17:59:01Z] INFO: Updated Janitor heartbeat successfully
[2025-06-01T17:59:01Z] INFO: Updated Janitor health metrics
[2025-06-01T18:00:01Z] INFO: Updated Analyst heartbeat successfully
[2025-06-01T18:00:01Z] INFO: Updated Analyst health metrics
[2025-06-01T18:00:01Z] INFO: Updated Documenter heartbeat successfully
[2025-06-01T18:00:01Z] INFO: Updated Documenter health metrics
[2025-06-01T18:00:01Z] INFO: Updated Janitor heartbeat successfully
[2025-06-01T18:00:01Z] INFO: Updated Janitor health metrics
[2025-06-01T18:01:01Z] INFO: Updated Analyst heartbeat successfully
[2025-06-01T18:01:01Z] INFO: Updated Analyst health metrics
[2025-06-01T18:01:01Z] INFO: Updated Documenter heartbeat successfully
[2025-06-01T18:01:01Z] INFO: Updated Documenter health metrics
[2025-06-01T18:01:01Z] INFO: Updated Janitor heartbeat successfully
[2025-06-01T18:01:01Z] INFO: Updated Janitor health metrics
[2025-06-01T18:02:01Z] INFO: Updated Analyst heartbeat successfully
[2025-06-01T18:02:01Z] INFO: Updated Analyst health metrics
[2025-06-01T18:02:01Z] INFO: Updated Documenter heartbeat successfully
[2025-06-01T18:02:01Z] INFO: Updated Documenter health metrics
[2025-06-01T18:02:01Z] INFO: Updated Janitor heartbeat successfully
[2025-06-01T18:02:01Z] INFO: Updated Janitor health metrics
[2025-06-01T18:03:01Z] INFO: Updated Analyst heartbeat successfully
[2025-06-01T18:03:01Z] INFO: Updated Analyst health metrics
[2025-06-01T18:03:01Z] INFO: Updated Documenter heartbeat successfully
[2025-06-01T18:03:01Z] INFO: Updated Documenter health metrics
[2025-06-01T18:03:01Z] INFO: Updated Janitor heartbeat successfully
[2025-06-01T18:03:01Z] INFO: Updated Janitor health metrics
[2025-06-01T18:04:01Z] INFO: Updated Analyst heartbeat successfully
[2025-06-01T18:04:01Z] INFO: Updated Analyst health metrics
[2025-06-01T18:04:01Z] INFO: Updated Documenter heartbeat successfully
[2025-06-01T18:04:01Z] INFO: Updated Documenter health metrics
[2025-06-01T18:04:01Z] INFO: Updated Janitor heartbeat successfully
[2025-06-01T18:04:01Z] INFO: Updated Janitor health metrics
[2025-06-01T18:05:01Z] INFO: Updated Analyst heartbeat successfully
[2025-06-01T18:05:01Z] INFO: Updated Analyst health metrics
[2025-06-01T18:05:01Z] INFO: Updated Documenter heartbeat successfully
[2025-06-01T18:05:01Z] INFO: Updated Documenter health metrics
[2025-06-01T18:05:01Z] INFO: Updated Janitor heartbeat successfully
[2025-06-01T18:05:01Z] INFO: Updated Janitor health metrics
[2025-06-01T18:06:01Z] INFO: Updated Analyst heartbeat successfully
[2025-06-01T18:06:01Z] INFO: Updated Analyst health metrics
[2025-06-01T18:06:01Z] INFO: Updated Documenter heartbeat successfully
[2025-06-01T18:06:01Z] INFO: Updated Documenter health metrics
[2025-06-01T18:06:01Z] INFO: Updated Janitor heartbeat successfully
[2025-06-01T18:06:01Z] INFO: Updated Janitor health metrics
[2025-06-01T18:07:01Z] INFO: Updated Analyst heartbeat successfully
[2025-06-01T18:07:01Z] INFO: Updated Analyst health metrics
[2025-06-01T18:07:01Z] INFO: Updated Documenter heartbeat successfully
[2025-06-01T18:07:01Z] INFO: Updated Documenter health metrics
[2025-06-01T18:07:01Z] INFO: Updated Janitor heartbeat successfully
[2025-06-01T18:07:01Z] INFO: Updated Janitor health metrics
[2025-06-01T18:08:01Z] INFO: Updated Analyst heartbeat successfully
[2025-06-01T18:08:01Z] INFO: Updated Analyst health metrics
[2025-06-01T18:08:01Z] INFO: Updated Documenter heartbeat successfully
[2025-06-01T18:08:01Z] INFO: Updated Documenter health metrics
[2025-06-01T18:08:01Z] INFO: Updated Janitor heartbeat successfully
[2025-06-01T18:08:01Z] INFO: Updated Janitor health metrics
[2025-06-01T18:09:01Z] INFO: Updated Analyst heartbeat successfully
[2025-06-01T18:09:01Z] INFO: Updated Analyst health metrics
[2025-06-01T18:09:01Z] INFO: Updated Documenter heartbeat successfully
[2025-06-01T18:09:01Z] INFO: Updated Documenter health metrics
[2025-06-01T18:09:01Z] INFO: Updated Janitor heartbeat successfully
[2025-06-01T18:09:01Z] INFO: Updated Janitor health metrics
[2025-06-01T18:10:02Z] INFO: Updated Analyst heartbeat successfully
[2025-06-01T18:10:02Z] INFO: Updated Analyst health metrics
[2025-06-01T18:10:02Z] INFO: Updated Documenter heartbeat successfully
[2025-06-01T18:10:02Z] INFO: Updated Documenter health metrics
[2025-06-01T18:10:02Z] INFO: Updated Janitor heartbeat successfully
[2025-06-01T18:10:02Z] INFO: Updated Janitor health metrics
[2025-06-01T18:11:01Z] INFO: Updated Analyst heartbeat successfully
[2025-06-01T18:11:01Z] INFO: Updated Analyst health metrics
[2025-06-01T18:11:01Z] INFO: Updated Documenter heartbeat successfully
[2025-06-01T18:11:01Z] INFO: Updated Documenter health metrics
[2025-06-01T18:11:01Z] INFO: Updated Janitor heartbeat successfully
[2025-06-01T18:11:01Z] INFO: Updated Janitor health metrics
[2025-06-01T18:12:01Z] INFO: Updated Analyst heartbeat successfully
[2025-06-01T18:12:01Z] INFO: Updated Analyst health metrics
[2025-06-01T18:12:01Z] INFO: Updated Documenter heartbeat successfully
[2025-06-01T18:12:01Z] INFO: Updated Documenter health metrics
[2025-06-01T18:12:01Z] INFO: Updated Janitor heartbeat successfully
[2025-06-01T18:12:01Z] INFO: Updated Janitor health metrics
[2025-06-01T18:13:02Z] INFO: Updated Analyst heartbeat successfully
[2025-06-01T18:13:02Z] INFO: Updated Analyst health metrics
[2025-06-01T18:13:02Z] INFO: Updated Documenter heartbeat successfully
[2025-06-01T18:13:02Z] INFO: Updated Documenter health metrics
[2025-06-01T18:13:02Z] INFO: Updated Janitor heartbeat successfully
[2025-06-01T18:13:02Z] INFO: Updated Janitor health metrics
[2025-06-01T18:14:01Z] INFO: Updated Analyst heartbeat successfully
[2025-06-01T18:14:01Z] INFO: Updated Analyst health metrics
[2025-06-01T18:14:01Z] INFO: Updated Documenter heartbeat successfully
[2025-06-01T18:14:01Z] INFO: Updated Documenter health metrics
[2025-06-01T18:14:01Z] INFO: Updated Janitor heartbeat successfully
[2025-06-01T18:14:01Z] INFO: Updated Janitor health metrics
[2025-06-01T18:15:01Z] INFO: Updated Analyst heartbeat successfully
[2025-06-01T18:15:01Z] INFO: Updated Analyst health metrics
[2025-06-01T18:15:01Z] INFO: Updated Documenter heartbeat successfully
[2025-06-01T18:15:01Z] INFO: Updated Documenter health metrics
[2025-06-01T18:15:01Z] INFO: Updated Janitor heartbeat successfully
[2025-06-01T18:15:01Z] INFO: Updated Janitor health metrics
[2025-06-01T18:16:01Z] INFO: Updated Analyst heartbeat successfully
[2025-06-01T18:16:01Z] INFO: Updated Analyst health metrics
[2025-06-01T18:16:01Z] INFO: Updated Documenter heartbeat successfully
[2025-06-01T18:16:01Z] INFO: Updated Documenter health metrics
[2025-06-01T18:16:01Z] INFO: Updated Janitor heartbeat successfully
[2025-06-01T18:16:01Z] INFO: Updated Janitor health metrics
[2025-06-01T18:17:01Z] INFO: Updated Analyst heartbeat successfully
[2025-06-01T18:17:01Z] INFO: Updated Analyst health metrics
[2025-06-01T18:17:01Z] INFO: Updated Documenter heartbeat successfully
[2025-06-01T18:17:01Z] INFO: Updated Documenter health metrics
[2025-06-01T18:17:01Z] INFO: Updated Janitor heartbeat successfully
[2025-06-01T18:17:01Z] INFO: Updated Janitor health metrics
[2025-06-01T18:18:01Z] INFO: Updated Analyst heartbeat successfully
[2025-06-01T18:18:01Z] INFO: Updated Analyst health metrics
[2025-06-01T18:18:01Z] INFO: Updated Documenter heartbeat successfully
[2025-06-01T18:18:01Z] INFO: Updated Documenter health metrics
[2025-06-01T18:18:01Z] INFO: Updated Janitor heartbeat successfully
[2025-06-01T18:18:01Z] INFO: Updated Janitor health metrics
[2025-06-01T18:19:01Z] INFO: Updated Analyst heartbeat successfully
[2025-06-01T18:19:01Z] INFO: Updated Analyst health metrics
[2025-06-01T18:19:01Z] INFO: Updated Documenter heartbeat successfully
[2025-06-01T18:19:01Z] INFO: Updated Documenter health metrics
[2025-06-01T18:19:01Z] INFO: Updated Janitor heartbeat successfully
[2025-06-01T18:19:01Z] INFO: Updated Janitor health metrics
[2025-06-01T18:20:01Z] INFO: Updated Analyst heartbeat successfully
[2025-06-01T18:20:01Z] INFO: Updated Analyst health metrics
[2025-06-01T18:20:01Z] INFO: Updated Documenter heartbeat successfully
[2025-06-01T18:20:01Z] INFO: Updated Documenter health metrics
[2025-06-01T18:20:01Z] INFO: Updated Janitor heartbeat successfully
[2025-06-01T18:20:01Z] INFO: Updated Janitor health metrics
[2025-06-01T18:21:01Z] INFO: Updated Analyst heartbeat successfully
[2025-06-01T18:21:01Z] INFO: Updated Analyst health metrics
[2025-06-01T18:21:01Z] INFO: Updated Documenter heartbeat successfully
[2025-06-01T18:21:01Z] INFO: Updated Documenter health metrics
[2025-06-01T18:21:01Z] INFO: Updated Janitor heartbeat successfully
[2025-06-01T18:21:01Z] INFO: Updated Janitor health metrics
[2025-06-01T18:22:01Z] INFO: Updated Analyst heartbeat successfully
[2025-06-01T18:22:01Z] INFO: Updated Analyst health metrics
[2025-06-01T18:22:01Z] INFO: Updated Documenter heartbeat successfully
[2025-06-01T18:22:01Z] INFO: Updated Documenter health metrics
[2025-06-01T18:22:01Z] INFO: Updated Janitor heartbeat successfully
[2025-06-01T18:22:01Z] INFO: Updated Janitor health metrics
[2025-06-01T18:23:01Z] INFO: Updated Analyst heartbeat successfully
[2025-06-01T18:23:01Z] INFO: Updated Analyst health metrics
[2025-06-01T18:23:01Z] INFO: Updated Documenter heartbeat successfully
[2025-06-01T18:23:01Z] INFO: Updated Documenter health metrics
[2025-06-01T18:23:01Z] INFO: Updated Janitor heartbeat successfully
[2025-06-01T18:23:01Z] INFO: Updated Janitor health metrics
[2025-06-01T18:24:01Z] INFO: Updated Analyst heartbeat successfully
[2025-06-01T18:24:01Z] INFO: Updated Analyst health metrics
[2025-06-01T18:24:01Z] INFO: Updated Documenter heartbeat successfully
[2025-06-01T18:24:01Z] INFO: Updated Documenter health metrics
[2025-06-01T18:24:01Z] INFO: Updated Janitor heartbeat successfully
[2025-06-01T18:24:01Z] INFO: Updated Janitor health metrics
[2025-06-01T18:25:01Z] INFO: Updated Analyst heartbeat successfully
[2025-06-01T18:25:01Z] INFO: Updated Analyst health metrics
[2025-06-01T18:25:01Z] INFO: Updated Documenter heartbeat successfully
[2025-06-01T18:25:01Z] INFO: Updated Documenter health metrics
[2025-06-01T18:25:01Z] INFO: Updated Janitor heartbeat successfully
[2025-06-01T18:25:01Z] INFO: Updated Janitor health metrics
[2025-06-01T18:26:01Z] INFO: Updated Analyst heartbeat successfully
[2025-06-01T18:26:01Z] INFO: Updated Analyst health metrics
[2025-06-01T18:26:01Z] INFO: Updated Documenter heartbeat successfully
[2025-06-01T18:26:01Z] INFO: Updated Documenter health metrics
[2025-06-01T18:26:01Z] INFO: Updated Janitor heartbeat successfully
[2025-06-01T18:26:01Z] INFO: Updated Janitor health metrics
[2025-06-01T18:27:01Z] INFO: Updated Analyst heartbeat successfully
[2025-06-01T18:27:01Z] INFO: Updated Analyst health metrics
[2025-06-01T18:27:01Z] INFO: Updated Documenter heartbeat successfully
[2025-06-01T18:27:01Z] INFO: Updated Documenter health metrics
[2025-06-01T18:27:01Z] INFO: Updated Janitor heartbeat successfully
[2025-06-01T18:27:01Z] INFO: Updated Janitor health metrics
[2025-06-01T18:28:01Z] INFO: Updated Analyst heartbeat successfully
[2025-06-01T18:28:01Z] INFO: Updated Analyst health metrics
[2025-06-01T18:28:01Z] INFO: Updated Documenter heartbeat successfully
[2025-06-01T18:28:01Z] INFO: Updated Documenter health metrics
[2025-06-01T18:28:01Z] INFO: Updated Janitor heartbeat successfully
[2025-06-01T18:28:01Z] INFO: Updated Janitor health metrics
[2025-06-01T18:29:01Z] INFO: Updated Analyst heartbeat successfully
[2025-06-01T18:29:01Z] INFO: Updated Analyst health metrics
[2025-06-01T18:29:01Z] INFO: Updated Documenter heartbeat successfully
[2025-06-01T18:29:01Z] INFO: Updated Documenter health metrics
[2025-06-01T18:29:01Z] INFO: Updated Janitor heartbeat successfully
[2025-06-01T18:29:01Z] INFO: Updated Janitor health metrics
[2025-06-01T18:30:02Z] INFO: Updated Analyst heartbeat successfully
[2025-06-01T18:30:02Z] INFO: Updated Analyst health metrics
[2025-06-01T18:30:02Z] INFO: Updated Documenter heartbeat successfully
[2025-06-01T18:30:02Z] INFO: Updated Documenter health metrics
[2025-06-01T18:30:02Z] INFO: Updated Janitor heartbeat successfully
[2025-06-01T18:30:02Z] INFO: Updated Janitor health metrics
[2025-06-01T18:31:01Z] INFO: Updated Analyst heartbeat successfully
[2025-06-01T18:31:01Z] INFO: Updated Analyst health metrics
[2025-06-01T18:31:01Z] INFO: Updated Documenter heartbeat successfully
[2025-06-01T18:31:01Z] INFO: Updated Documenter health metrics
[2025-06-01T18:31:01Z] INFO: Updated Janitor heartbeat successfully
[2025-06-01T18:31:01Z] INFO: Updated Janitor health metrics
[2025-06-01T18:32:01Z] INFO: Updated Analyst heartbeat successfully
[2025-06-01T18:32:01Z] INFO: Updated Analyst health metrics
[2025-06-01T18:32:01Z] INFO: Updated Documenter heartbeat successfully
[2025-06-01T18:32:01Z] INFO: Updated Documenter health metrics
[2025-06-01T18:32:01Z] INFO: Updated Janitor heartbeat successfully
[2025-06-01T18:32:01Z] INFO: Updated Janitor health metrics
[2025-06-01T18:33:01Z] INFO: Updated Analyst heartbeat successfully
[2025-06-01T18:33:01Z] INFO: Updated Analyst health metrics
[2025-06-01T18:33:01Z] INFO: Updated Documenter heartbeat successfully
[2025-06-01T18:33:01Z] INFO: Updated Documenter health metrics
[2025-06-01T18:33:01Z] INFO: Updated Janitor heartbeat successfully
[2025-06-01T18:33:01Z] INFO: Updated Janitor health metrics
[2025-06-01T18:34:01Z] INFO: Updated Analyst heartbeat successfully
[2025-06-01T18:34:01Z] INFO: Updated Analyst health metrics
[2025-06-01T18:34:01Z] INFO: Updated Documenter heartbeat successfully
[2025-06-01T18:34:01Z] INFO: Updated Documenter health metrics
[2025-06-01T18:34:01Z] INFO: Updated Janitor heartbeat successfully
[2025-06-01T18:34:01Z] INFO: Updated Janitor health metrics
[2025-06-01T18:35:01Z] INFO: Updated Analyst heartbeat successfully
[2025-06-01T18:35:01Z] INFO: Updated Analyst health metrics
[2025-06-01T18:35:01Z] INFO: Updated Documenter heartbeat successfully
[2025-06-01T18:35:01Z] INFO: Updated Documenter health metrics
[2025-06-01T18:35:01Z] INFO: Updated Janitor heartbeat successfully
[2025-06-01T18:35:01Z] INFO: Updated Janitor health metrics
[2025-06-01T18:36:01Z] INFO: Updated Analyst heartbeat successfully
[2025-06-01T18:36:01Z] INFO: Updated Analyst health metrics
[2025-06-01T18:36:01Z] INFO: Updated Documenter heartbeat successfully
[2025-06-01T18:36:01Z] INFO: Updated Documenter health metrics
[2025-06-01T18:36:01Z] INFO: Updated Janitor heartbeat successfully
[2025-06-01T18:36:01Z] INFO: Updated Janitor health metrics
[2025-06-01T18:37:01Z] INFO: Updated Analyst heartbeat successfully
[2025-06-01T18:37:01Z] INFO: Updated Analyst health metrics
[2025-06-01T18:37:01Z] INFO: Updated Documenter heartbeat successfully
[2025-06-01T18:37:01Z] INFO: Updated Documenter health metrics
[2025-06-01T18:37:01Z] INFO: Updated Janitor heartbeat successfully
[2025-06-01T18:37:01Z] INFO: Updated Janitor health metrics
[2025-06-01T18:38:01Z] INFO: Updated Analyst heartbeat successfully
[2025-06-01T18:38:01Z] INFO: Updated Analyst health metrics
[2025-06-01T18:38:01Z] INFO: Updated Documenter heartbeat successfully
[2025-06-01T18:38:01Z] INFO: Updated Documenter health metrics
[2025-06-01T18:38:01Z] INFO: Updated Janitor heartbeat successfully
[2025-06-01T18:38:01Z] INFO: Updated Janitor health metrics
[2025-06-01T18:39:01Z] INFO: Updated Analyst heartbeat successfully
[2025-06-01T18:39:01Z] INFO: Updated Analyst health metrics
[2025-06-01T18:39:01Z] INFO: Updated Documenter heartbeat successfully
[2025-06-01T18:39:01Z] INFO: Updated Documenter health metrics
[2025-06-01T18:39:01Z] INFO: Updated Janitor heartbeat successfully
[2025-06-01T18:39:01Z] INFO: Updated Janitor health metrics
[2025-06-01T18:40:01Z] INFO: Updated Analyst heartbeat successfully
[2025-06-01T18:40:01Z] INFO: Updated Analyst health metrics
[2025-06-01T18:40:01Z] INFO: Updated Documenter heartbeat successfully
[2025-06-01T18:40:01Z] INFO: Updated Documenter health metrics
[2025-06-01T18:40:01Z] INFO: Updated Janitor heartbeat successfully
[2025-06-01T18:40:01Z] INFO: Updated Janitor health metrics
[2025-06-01T18:41:01Z] INFO: Updated Analyst heartbeat successfully
[2025-06-01T18:41:01Z] INFO: Updated Analyst health metrics
[2025-06-01T18:41:01Z] INFO: Updated Documenter heartbeat successfully
[2025-06-01T18:41:01Z] INFO: Updated Documenter health metrics
[2025-06-01T18:41:01Z] INFO: Updated Janitor heartbeat successfully
[2025-06-01T18:41:01Z] INFO: Updated Janitor health metrics
[2025-06-01T18:42:01Z] INFO: Updated Analyst heartbeat successfully
[2025-06-01T18:42:01Z] INFO: Updated Analyst health metrics
[2025-06-01T18:42:01Z] INFO: Updated Documenter heartbeat successfully
[2025-06-01T18:42:01Z] INFO: Updated Documenter health metrics
[2025-06-01T18:42:01Z] INFO: Updated Janitor heartbeat successfully
[2025-06-01T18:42:01Z] INFO: Updated Janitor health metrics
[2025-06-01T18:43:01Z] INFO: Updated Analyst heartbeat successfully
[2025-06-01T18:43:01Z] INFO: Updated Analyst health metrics
[2025-06-01T18:43:01Z] INFO: Updated Documenter heartbeat successfully
[2025-06-01T18:43:01Z] INFO: Updated Documenter health metrics
[2025-06-01T18:43:01Z] INFO: Updated Janitor heartbeat successfully
[2025-06-01T18:43:01Z] INFO: Updated Janitor health metrics
[2025-06-01T18:44:01Z] INFO: Updated Analyst heartbeat successfully
[2025-06-01T18:44:01Z] INFO: Updated Analyst health metrics
[2025-06-01T18:44:01Z] INFO: Updated Documenter heartbeat successfully
[2025-06-01T18:44:01Z] INFO: Updated Documenter health metrics
[2025-06-01T18:44:01Z] INFO: Updated Janitor heartbeat successfully
[2025-06-01T18:44:01Z] INFO: Updated Janitor health metrics
[2025-06-01T18:45:01Z] INFO: Updated Analyst heartbeat successfully
[2025-06-01T18:45:01Z] INFO: Updated Analyst health metrics
[2025-06-01T18:45:01Z] INFO: Updated Documenter heartbeat successfully
[2025-06-01T18:45:01Z] INFO: Updated Documenter health metrics
[2025-06-01T18:45:01Z] INFO: Updated Janitor heartbeat successfully
[2025-06-01T18:45:01Z] INFO: Updated Janitor health metrics
[2025-06-01T18:46:01Z] INFO: Updated Analyst heartbeat successfully
[2025-06-01T18:46:01Z] INFO: Updated Analyst health metrics
[2025-06-01T18:46:01Z] INFO: Updated Documenter heartbeat successfully
[2025-06-01T18:46:01Z] INFO: Updated Documenter health metrics
[2025-06-01T18:46:01Z] INFO: Updated Janitor heartbeat successfully
[2025-06-01T18:46:01Z] INFO: Updated Janitor health metrics
[2025-06-01T18:47:01Z] INFO: Updated Analyst heartbeat successfully
[2025-06-01T18:47:01Z] INFO: Updated Analyst health metrics
[2025-06-01T18:47:01Z] INFO: Updated Documenter heartbeat successfully
[2025-06-01T18:47:01Z] INFO: Updated Documenter health metrics
[2025-06-01T18:47:01Z] INFO: Updated Janitor heartbeat successfully
[2025-06-01T18:47:01Z] INFO: Updated Janitor health metrics
[2025-06-01T18:48:01Z] INFO: Updated Analyst heartbeat successfully
[2025-06-01T18:48:01Z] INFO: Updated Analyst health metrics
[2025-06-01T18:48:01Z] INFO: Updated Documenter heartbeat successfully
[2025-06-01T18:48:01Z] INFO: Updated Documenter health metrics
[2025-06-01T18:48:01Z] INFO: Updated Janitor heartbeat successfully
[2025-06-01T18:48:01Z] INFO: Updated Janitor health metrics
[2025-06-01T18:49:01Z] INFO: Updated Analyst heartbeat successfully
[2025-06-01T18:49:01Z] INFO: Updated Analyst health metrics
[2025-06-01T18:49:01Z] INFO: Updated Documenter heartbeat successfully
[2025-06-01T18:49:01Z] INFO: Updated Documenter health metrics
[2025-06-01T18:49:01Z] INFO: Updated Janitor heartbeat successfully
[2025-06-01T18:49:01Z] INFO: Updated Janitor health metrics
[2025-06-01T18:50:01Z] INFO: Updated Analyst heartbeat successfully
[2025-06-01T18:50:01Z] INFO: Updated Analyst health metrics
[2025-06-01T18:50:01Z] INFO: Updated Documenter heartbeat successfully
[2025-06-01T18:50:01Z] INFO: Updated Documenter health metrics
[2025-06-01T18:50:01Z] INFO: Updated Janitor heartbeat successfully
[2025-06-01T18:50:01Z] INFO: Updated Janitor health metrics
[2025-06-01T18:51:01Z] INFO: Updated Analyst heartbeat successfully
[2025-06-01T18:51:01Z] INFO: Updated Analyst health metrics
[2025-06-01T18:51:01Z] INFO: Updated Documenter heartbeat successfully
[2025-06-01T18:51:01Z] INFO: Updated Documenter health metrics
[2025-06-01T18:51:01Z] INFO: Updated Janitor heartbeat successfully
[2025-06-01T18:51:01Z] INFO: Updated Janitor health metrics
[2025-06-01T18:52:01Z] INFO: Updated Analyst heartbeat successfully
[2025-06-01T18:52:01Z] INFO: Updated Analyst health metrics
[2025-06-01T18:52:01Z] INFO: Updated Documenter heartbeat successfully
[2025-06-01T18:52:01Z] INFO: Updated Documenter health metrics
[2025-06-01T18:52:01Z] INFO: Updated Janitor heartbeat successfully
[2025-06-01T18:52:01Z] INFO: Updated Janitor health metrics
[2025-06-01T18:53:01Z] INFO: Updated Analyst heartbeat successfully
[2025-06-01T18:53:01Z] INFO: Updated Analyst health metrics
[2025-06-01T18:53:01Z] INFO: Updated Documenter heartbeat successfully
[2025-06-01T18:53:01Z] INFO: Updated Documenter health metrics
[2025-06-01T18:53:01Z] INFO: Updated Janitor heartbeat successfully
[2025-06-01T18:53:01Z] INFO: Updated Janitor health metrics
[2025-06-01T18:54:01Z] INFO: Updated Analyst heartbeat successfully
[2025-06-01T18:54:01Z] INFO: Updated Analyst health metrics
[2025-06-01T18:54:01Z] INFO: Updated Documenter heartbeat successfully
[2025-06-01T18:54:01Z] INFO: Updated Documenter health metrics
[2025-06-01T18:54:01Z] INFO: Updated Janitor heartbeat successfully
[2025-06-01T18:54:01Z] INFO: Updated Janitor health metrics
[2025-06-01T18:55:01Z] INFO: Updated Analyst heartbeat successfully
[2025-06-01T18:55:01Z] INFO: Updated Analyst health metrics
[2025-06-01T18:55:01Z] INFO: Updated Documenter heartbeat successfully
[2025-06-01T18:55:01Z] INFO: Updated Documenter health metrics
[2025-06-01T18:55:01Z] INFO: Updated Janitor heartbeat successfully
[2025-06-01T18:55:01Z] INFO: Updated Janitor health metrics
[2025-06-01T18:56:01Z] INFO: Updated Analyst heartbeat successfully
[2025-06-01T18:56:01Z] INFO: Updated Analyst health metrics
[2025-06-01T18:56:01Z] INFO: Updated Documenter heartbeat successfully
[2025-06-01T18:56:01Z] INFO: Updated Documenter health metrics
[2025-06-01T18:56:01Z] INFO: Updated Janitor heartbeat successfully
[2025-06-01T18:56:01Z] INFO: Updated Janitor health metrics
[2025-06-01T18:57:01Z] INFO: Updated Analyst heartbeat successfully
[2025-06-01T18:57:01Z] INFO: Updated Analyst health metrics
[2025-06-01T18:57:01Z] INFO: Updated Documenter heartbeat successfully
[2025-06-01T18:57:01Z] INFO: Updated Documenter health metrics
[2025-06-01T18:57:01Z] INFO: Updated Janitor heartbeat successfully
[2025-06-01T18:57:01Z] INFO: Updated Janitor health metrics
[2025-06-01T18:58:01Z] INFO: Updated Analyst heartbeat successfully
[2025-06-01T18:58:01Z] INFO: Updated Analyst health metrics
[2025-06-01T18:58:01Z] INFO: Updated Documenter heartbeat successfully
[2025-06-01T18:58:01Z] INFO: Updated Documenter health metrics
[2025-06-01T18:58:01Z] INFO: Updated Janitor heartbeat successfully
[2025-06-01T18:58:01Z] INFO: Updated Janitor health metrics
[2025-06-01T18:59:01Z] INFO: Updated Analyst heartbeat successfully
[2025-06-01T18:59:01Z] INFO: Updated Analyst health metrics
[2025-06-01T18:59:01Z] INFO: Updated Documenter heartbeat successfully
[2025-06-01T18:59:01Z] INFO: Updated Documenter health metrics
[2025-06-01T18:59:01Z] INFO: Updated Janitor heartbeat successfully
[2025-06-01T18:59:01Z] INFO: Updated Janitor health metrics
[2025-06-01T19:00:01Z] INFO: Updated Analyst heartbeat successfully
[2025-06-01T19:00:01Z] INFO: Updated Analyst health metrics
[2025-06-01T19:00:01Z] INFO: Updated Documenter heartbeat successfully
[2025-06-01T19:00:01Z] INFO: Updated Documenter health metrics
[2025-06-01T19:00:01Z] INFO: Updated Janitor heartbeat successfully
[2025-06-01T19:00:01Z] INFO: Updated Janitor health metrics
