Starting directory maintenance...
Directory Status:
- Data files: 0 current, 1 processed
- Analysis files: 1 current, 0 processed
- Documentation files: 0 current, 0 processed
ls: cannot access '/home/host/Documents/Machina/MF_Main/archive/*/*': No such file or directory
- Archive status: 0 total archived files
Directory Status:
- Data files: 0 current, 4 processed
- Analysis files: 0 current, 4 processed
- Documentation files: 4 current, 0 processed
ls: cannot access '/home/host/Documents/Machina/MF_Main/archive/*/*': No such file or directory
- Archive status: 0 total archived files
Directory Status:
- Data files: 0 current, 4 processed
- Analysis files: 0 current, 4 processed
- Documentation files: 4 current, 0 processed
ls: cannot access '/home/host/Documents/Machina/MF_Main/archive/*/*': No such file or directory
- Archive status: 0 total archived files
Directory Status:
- Data files: 0 current, 4 processed
- Analysis files: 0 current, 4 processed
- Documentation files: 4 current, 0 processed
ls: cannot access '/home/host/Documents/Machina/MF_Main/archive/*/*': No such file or directory
- Archive status: 0 total archived files
Directory Status:
- Data files: 0 current, 4 processed
- Analysis files: 0 current, 4 processed
- Documentation files: 4 current, 0 processed
ls: cannot access '/home/host/Documents/Machina/MF_Main/archive/*/*': No such file or directory
- Archive status: 0 total archived files
Directory Status:
- Data files: 0 current, 4 processed
- Analysis files: 0 current, 4 processed
- Documentation files: 4 current, 0 processed
ls: cannot access '/home/host/Documents/Machina/MF_Main/archive/*/*': No such file or directory
- Archive status: 0 total archived files
Directory Status:
- Data files: 0 current, 4 processed
- Analysis files: 0 current, 4 processed
- Documentation files: 4 current, 0 processed
ls: cannot access '/home/host/Documents/Machina/MF_Main/archive/*/*': No such file or directory
- Archive status: 0 total archived files
Directory Status:
- Data files: 0 current, 4 processed
- Analysis files: 0 current, 4 processed
- Documentation files: 4 current, 0 processed
ls: cannot access '/home/host/Documents/Machina/MF_Main/archive/*/*': No such file or directory
- Archive status: 0 total archived files
Directory Status:
- Data files: 0 current, 4 processed
- Analysis files: 0 current, 4 processed
- Documentation files: 4 current, 0 processed
ls: cannot access '/home/host/Documents/Machina/MF_Main/archive/*/*': No such file or directory
- Archive status: 0 total archived files
Directory Status:
- Data files: 0 current, 4 processed
- Analysis files: 0 current, 4 processed
- Documentation files: 4 current, 0 processed
ls: cannot access '/home/host/Documents/Machina/MF_Main/archive/*/*': No such file or directory
- Archive status: 0 total archived files
Directory Status:
- Data files: 0 current, 4 processed
- Analysis files: 0 current, 4 processed
- Documentation files: 4 current, 0 processed
ls: cannot access '/home/host/Documents/Machina/MF_Main/archive/*/*': No such file or directory
- Archive status: 0 total archived files
Directory Status:
- Data files: 0 current, 4 processed
- Analysis files: 0 current, 4 processed
- Documentation files: 4 current, 0 processed
ls: cannot access '/home/host/Documents/Machina/MF_Main/archive/*/*': No such file or directory
- Archive status: 0 total archived files
Directory Status:
- Data files: 0 current, 4 processed
- Analysis files: 0 current, 4 processed
- Documentation files: 4 current, 0 processed
ls: cannot access '/home/host/Documents/Machina/MF_Main/archive/*/*': No such file or directory
- Archive status: 0 total archived files
Directory Status:
- Data files: 0 current, 4 processed
- Analysis files: 0 current, 4 processed
- Documentation files: 4 current, 0 processed
ls: cannot access '/home/host/Documents/Machina/MF_Main/archive/*/*': No such file or directory
- Archive status: 0 total archived files
Directory Status:
- Data files: 0 current, 4 processed
- Analysis files: 0 current, 4 processed
- Documentation files: 4 current, 0 processed
ls: cannot access '/home/host/Documents/Machina/MF_Main/archive/*/*': No such file or directory
- Archive status: 0 total archived files
